-------------------------------------------------------------------------------
Test set: test.LoginUiTest
-------------------------------------------------------------------------------
Tests run: 2, Failures: 1, Errors: 0, Skipped: 0, Time elapsed: 15.217 s <<< FAILURE! - in test.LoginUiTest
testthirdPageIsYoutube  Time elapsed: 8.497 s  <<< FAILURE!
org.opentest4j.AssertionFailedError: expected: <true> but was: <false>
	at test.LoginUiTest.testthirdPageIsYoutube(LoginUiTest.java:104)

